<?xml version='1.0'?>
<ns2:test-suite xmlns:ns2='urn:model.allure.qatools.yandex.ru' start='1654183365575' stop='1654183368427'>
    <name>Heroku App Login Module</name>
    <title>Heroku App Login Module</title>
    <test-cases>
        <test-case start='1654183365575' status='broken' stop='1654183367777'>
            <name>Should login with valid credentials</name>
            <title>Should login with valid credentials</title>
            <labels>
                <label name='language' value='javascript'/>
                <label name='framework' value='wdio'/>
                <label name='thread' value='0-0'/>
            </labels>
            <parameters>
                <parameter kind='argument' name='browser' value='chrome-101.0.4951.67'/>
            </parameters>
            <steps/>
            <attachments/>
            <failure>
                <message>Cannot read properties of undefined (reading '$')</message>
                <stack-trace>TypeError: Cannot read properties of undefined (reading '$')
                    at SecurePage.get flashAlert [as flashAlert] (C:\WebDriverIO\test\pageObjects\secure.page.js:14:29)
                    at Context.&lt;anonymous> (C:\WebDriverIO\test\specs\example.e2e.js:8:33)
                    at processTicksAndRejections (node:internal/process/task_queues:96:5)</stack-trace>
            </failure>
        </test-case>
        <test-case start='1654183367778' status='broken' stop='1654183368426'>
            <name>Should login with valid credentials and logout successfuly</name>
            <title>Should login with valid credentials and logout successfuly</title>
            <labels>
                <label name='language' value='javascript'/>
                <label name='framework' value='wdio'/>
                <label name='thread' value='0-0'/>
            </labels>
            <parameters>
                <parameter kind='argument' name='browser' value='chrome-101.0.4951.67'/>
            </parameters>
            <steps/>
            <attachments/>
            <failure>
                <message>Cannot read properties of undefined (reading '$')</message>
                <stack-trace>TypeError: Cannot read properties of undefined (reading '$')
                    at SecurePage.get flashAlert [as flashAlert] (C:\WebDriverIO\test\pageObjects\secure.page.js:14:29)
                    at Context.&lt;anonymous> (C:\WebDriverIO\test\specs\example.e2e.js:40:33)
                    at processTicksAndRejections (node:internal/process/task_queues:96:5)</stack-trace>
            </failure>
        </test-case>
    </test-cases>
</ns2:test-suite>