<?xml version='1.0'?>
<ns2:test-suite xmlns:ns2='urn:model.allure.qatools.yandex.ru' start='1654182714618' stop='1654182717629'>
    <name>Heroku App Login Module</name>
    <title>Heroku App Login Module</title>
    <test-cases>
        <test-case start='1654182714618' status='broken' stop='1654182716912'>
            <name>Should login with valid credentials</name>
            <title>Should login with valid credentials</title>
            <labels>
                <label name='language' value='javascript'/>
                <label name='framework' value='wdio'/>
                <label name='thread' value='0-0'/>
            </labels>
            <parameters>
                <parameter kind='argument' name='browser' value='chrome-101.0.4951.67'/>
            </parameters>
            <steps/>
            <attachments/>
            <failure>
                <message>Cannot read properties of undefined (reading 'isDevTools')</message>
                <stack-trace>TypeError: Cannot read properties of undefined (reading 'isDevTools')
                    at findElement (C:\WebDriverIO\node_modules\webdriverio\build\utils\index.js:216:15)
                    at $ (C:\WebDriverIO\node_modules\webdriverio\build\commands\browser\$.js:91:43)
                    at SecurePage.get flashAlert [as flashAlert] (C:\WebDriverIO\test\pageObjects\secure.page.js:14:16)
                    at Context.&lt;anonymous> (C:\WebDriverIO\test\specs\example.e2e.js:8:33)
                    at processTicksAndRejections (node:internal/process/task_queues:96:5)</stack-trace>
            </failure>
        </test-case>
        <test-case start='1654182716913' status='broken' stop='1654182717629'>
            <name>Should login with valid credentials and logout successfuly</name>
            <title>Should login with valid credentials and logout successfuly</title>
            <labels>
                <label name='language' value='javascript'/>
                <label name='framework' value='wdio'/>
                <label name='thread' value='0-0'/>
            </labels>
            <parameters>
                <parameter kind='argument' name='browser' value='chrome-101.0.4951.67'/>
            </parameters>
            <steps/>
            <attachments/>
            <failure>
                <message>Cannot read properties of undefined (reading 'isDevTools')</message>
                <stack-trace>TypeError: Cannot read properties of undefined (reading 'isDevTools')
                    at findElement (C:\WebDriverIO\node_modules\webdriverio\build\utils\index.js:216:15)
                    at $ (C:\WebDriverIO\node_modules\webdriverio\build\commands\browser\$.js:91:43)
                    at SecurePage.get flashAlert [as flashAlert] (C:\WebDriverIO\test\pageObjects\secure.page.js:14:16)
                    at Context.&lt;anonymous> (C:\WebDriverIO\test\specs\example.e2e.js:41:33)
                    at processTicksAndRejections (node:internal/process/task_queues:96:5)</stack-trace>
            </failure>
        </test-case>
    </test-cases>
</ns2:test-suite>